<?xml version="1.0" encoding="UTF-8"?>
<testsuite name="edu.illinois.starts.helpers.WriterTest" tests="10" skipped="0" failures="0" errors="0" timestamp="2017-10-14T23:06:20" hostname="Randys-MacBook-Air.local" time="0.438">
  <properties/>
  <testcase name="testWriteToFile" classname="edu.illinois.starts.helpers.WriterTest" time="0.036"/>
  <testcase name="testWriteTCSimple" classname="edu.illinois.starts.helpers.WriterTest" time="0.003"/>
  <testcase name="testWriteGraph" classname="edu.illinois.starts.helpers.WriterTest" time="0.26"/>
  <testcase name="testWriteGrpahWithMultipleEdges" classname="edu.illinois.starts.helpers.WriterTest" time="0.038"/>
  <testcase name="testWriteGraphWithRepeatedEdges" classname="edu.illinois.starts.helpers.WriterTest" time="0.019"/>
  <testcase name="testWriteClassPath" classname="edu.illinois.starts.helpers.WriterTest" time="0.012"/>
  <testcase name="testMultipleClassPath" classname="edu.illinois.starts.helpers.WriterTest" time="0.008"/>
  <testcase name="testPathToString" classname="edu.illinois.starts.helpers.WriterTest" time="0.022"/>
  <testcase name="testEmptyPathToString" classname="edu.illinois.starts.helpers.WriterTest" time="0.002"/>
  <testcase name="testSinglePathToString" classname="edu.illinois.starts.helpers.WriterTest" time="0.002"/>
  <system-out><![CDATA[]]></system-out>
  <system-err><![CDATA[]]></system-err>
</testsuite>
